TN:
SF:src/app.js
FN:28,(anonymous_0)
FN:29,(anonymous_1)
FN:41,(anonymous_2)
FN:55,(anonymous_3)
FN:65,(anonymous_4)
FN:74,(anonymous_5)
FNF:6
FNH:5
FNDA:6,(anonymous_0)
FNDA:6,(anonymous_1)
FNDA:0,(anonymous_2)
FNDA:1,(anonymous_3)
FNDA:1,(anonymous_4)
FNDA:1,(anonymous_5)
DA:1,1
DA:2,1
DA:3,1
DA:4,1
DA:5,1
DA:8,1
DA:9,1
DA:10,1
DA:12,1
DA:15,1
DA:17,1
DA:23,1
DA:28,1
DA:29,6
DA:30,6
DA:36,6
DA:40,1
DA:41,0
DA:43,0
DA:44,0
DA:49,1
DA:50,1
DA:51,1
DA:52,1
DA:53,1
DA:55,1
DA:56,1
DA:57,1
DA:58,1
DA:59,1
DA:61,0
DA:65,1
DA:66,1
DA:70,1
DA:71,1
DA:72,1
DA:74,1
DA:75,1
DA:78,1
LF:39
LH:35
BRDA:32,0,0,5
BRDA:32,0,1,1
BRDA:40,1,0,0
BRDA:40,1,1,1
BRF:4
BRH:3
end_of_record
TN:
SF:src/logic.js
FN:1,(anonymous_0)
FN:7,(anonymous_1)
FN:12,(anonymous_2)
FNF:3
FNH:3
FNDA:3,(anonymous_0)
FNDA:2,(anonymous_1)
FNDA:3,(anonymous_2)
DA:1,1
DA:2,3
DA:3,2
DA:7,1
DA:8,2
DA:12,1
DA:13,3
DA:14,3
DA:17,1
LF:9
LH:9
BRDA:2,0,0,1
BRDA:2,0,1,2
BRDA:2,1,0,3
BRDA:2,1,1,2
BRDA:13,2,0,0
BRDA:13,2,1,3
BRDA:13,3,0,3
BRDA:13,3,1,3
BRF:8
BRH:7
end_of_record
