TN:
SF:src/app.js
FN:32,(anonymous_0)
FN:33,(anonymous_1)
FN:46,(anonymous_2)
FN:59,(anonymous_3)
FN:69,(anonymous_4)
FN:80,(anonymous_5)
FNF:6
FNH:4
FNDA:5,(anonymous_0)
FNDA:5,(anonymous_1)
FNDA:0,(anonymous_2)
FNDA:0,(anonymous_3)
FNDA:1,(anonymous_4)
FNDA:1,(anonymous_5)
DA:1,1
DA:2,1
DA:3,1
DA:4,1
DA:5,1
DA:8,1
DA:9,1
DA:10,1
DA:12,1
DA:16,1
DA:19,1
DA:26,1
DA:32,1
DA:33,5
DA:35,5
DA:41,5
DA:45,1
DA:46,0
DA:47,0
DA:52,1
DA:53,1
DA:54,1
DA:55,1
DA:56,1
DA:59,1
DA:60,0
DA:61,0
DA:62,0
DA:63,0
DA:65,0
DA:69,1
DA:70,1
DA:75,1
DA:76,1
DA:77,1
DA:80,1
DA:81,1
DA:84,1
LF:38
LH:31
BRDA:37,0,0,4
BRDA:37,0,1,1
BRDA:45,1,0,0
BRDA:45,1,1,1
BRF:4
BRH:3
end_of_record
TN:
SF:src/logic.js
FN:1,(anonymous_0)
FN:7,(anonymous_1)
FN:12,(anonymous_2)
FNF:3
FNH:3
FNDA:3,(anonymous_0)
FNDA:2,(anonymous_1)
FNDA:3,(anonymous_2)
DA:1,1
DA:2,3
DA:3,2
DA:7,1
DA:8,2
DA:12,1
DA:13,3
DA:14,3
DA:17,1
LF:9
LH:9
BRDA:2,0,0,1
BRDA:2,0,1,2
BRDA:2,1,0,3
BRDA:2,1,1,2
BRDA:13,2,0,0
BRDA:13,2,1,3
BRDA:13,3,0,3
BRDA:13,3,1,3
BRF:8
BRH:7
end_of_record
